[2021-05-23T18:10:17.148] [INFO] responseLogger - 
 ************************ response log start ************************** 
request method:  POST  
request originalUrl /login 
request client ip ::ffff:127.0.0.1 request query:  {"code":"053S31Ha104Z5B0GvjGa1f7Yyy1S31Hu"} 
response Time: 528 
response status: 200 
response body: [object Object] 
************************ error log start ************************** 

[2021-05-23T18:13:43.425] [INFO] responseLogger - 
 ************************ response log start ************************** 
request method:  POST  
request originalUrl /login 
request client ip ::ffff:127.0.0.1 request query:  {"code":"043ltMll2y1t6746WQll2sTEaW3ltMlN"} 
response Time: 299 
response status: 200 
response body: [object Object] 
************************ error log start ************************** 

[2021-05-23T18:14:20.923] [INFO] responseLogger - 
 ************************ response log start ************************** 
request method:  POST  
request originalUrl /login 
request client ip ::ffff:127.0.0.1 request query:  {"code":"063Gsvll2GK5574UqSnl2BDTZy2GsvlA"} 
response Time: 249 
response status: 200 
response body: [object Object] 
************************ error log start ************************** 

[2021-05-23T18:15:46.362] [INFO] responseLogger - 
 ************************ response log start ************************** 
request method:  POST  
request originalUrl /login 
request client ip ::ffff:127.0.0.1 request query:  {"code":"043vKg0w3YPjqW2Oju3w38fdQW2vKg05"} 
response Time: 313 
response status: 200 
response body: [object Object] 
************************ error log start ************************** 

[2021-05-23T18:16:08.001] [INFO] responseLogger - 
 ************************ response log start ************************** 
request method:  POST  
request originalUrl /login 
request client ip ::ffff:127.0.0.1 request query:  {"code":"043sCMll2fgs674S2vol2RCfI04sCMlx"} 
response Time: 249 
response status: 200 
response body: [object Object] 
************************ error log start ************************** 

[2021-05-23T18:16:44.308] [INFO] responseLogger - 
 ************************ response log start ************************** 
request method:  POST  
request originalUrl /login 
request client ip ::ffff:127.0.0.1 request query:  {"code":"0538dEFa1fbH5B08rwJa1t5i6D18dEFi"} 
response Time: 250 
response status: 200 
response body: [object Object] 
************************ error log start ************************** 

[2021-05-23T18:17:09.161] [INFO] responseLogger - 
 ************************ response log start ************************** 
request method:  POST  
request originalUrl /login 
request client ip ::ffff:127.0.0.1 request query:  {"code":"043GMZZv36K2qW26Jv2w3DIVV53GMZZR"} 
response Time: 424 
response status: 200 
response body: [object Object] 
************************ error log start ************************** 

[2021-05-23T18:19:00.183] [INFO] responseLogger - 
 ************************ response log start ************************** 
request method:  POST  
request originalUrl /login 
request client ip ::ffff:127.0.0.1 request query:  {"code":"073ifr100Fz6ML1tRv300pML051ifr1R"} 
response Time: 298 
response status: 200 
response body: [object Object] 
************************ error log start ************************** 

[2021-05-23T18:19:59.835] [INFO] responseLogger - 
 ************************ response log start ************************** 
request method:  POST  
request originalUrl /login 
request client ip ::ffff:127.0.0.1 request query:  {"code":"073t0h0w3gLjqW2VIF1w3eLbGT0t0h0S"} 
response Time: 240 
response status: 200 
response body: [object Object] 
************************ error log start ************************** 

[2021-05-23T18:21:54.858] [INFO] responseLogger - 
 ************************ response log start ************************** 
request method:  POST  
request originalUrl /login 
request client ip ::ffff:127.0.0.1 request query:  {"code":"053Pg61w3fX8rW2GBR0w3Q5Xn64Pg61c"} 
response Time: 293 
response status: 200 
response body: [object Object] 
************************ error log start ************************** 

[2021-05-23T18:22:19.285] [INFO] responseLogger - 
 ************************ response log start ************************** 
request method:  POST  
request originalUrl /login 
request client ip ::ffff:127.0.0.1 request query:  {"code":"033kfP0w3cQLpW2Z8Y3w3l9pLt3kfP0j"} 
response Time: 251 
response status: 200 
response body: [object Object] 
************************ error log start ************************** 

[2021-05-23T18:24:47.100] [INFO] responseLogger - 
 ************************ response log start ************************** 
request method:  POST  
request originalUrl /login 
request client ip ::ffff:127.0.0.1 request query:  {"code":"053Aih0w3UNpqW2pVb3w3nrSax3Aih0q"} 
response Time: 278 
response status: 200 
response body: [object Object] 
************************ error log start ************************** 

[2021-05-23T18:25:06.412] [INFO] responseLogger - 
 ************************ response log start ************************** 
request method:  POST  
request originalUrl /login 
request client ip ::ffff:127.0.0.1 request query:  {"code":"073RUKGa1ypT6B0ti4Ga1kUX080RUKGv"} 
response Time: 241 
response status: 200 
response body: [object Object] 
************************ error log start ************************** 

[2021-05-23T18:25:13.732] [INFO] responseLogger - 
 ************************ response log start ************************** 
request method:  POST  
request originalUrl /login 
request client ip ::ffff:127.0.0.1 request query:  {"code":"063jqP0w3KIRpW2xiC1w3EBOK21jqP0B"} 
response Time: 282 
response status: 200 
response body: [object Object] 
************************ error log start ************************** 

[2021-05-23T18:25:21.655] [INFO] responseLogger - 
 ************************ response log start ************************** 
request method:  POST  
request originalUrl /login 
request client ip ::ffff:127.0.0.1 request query:  {"code":"093IJEFa1HeN5B0hL0Ga17Wlo13IJEFm"} 
response Time: 254 
response status: 200 
response body: [object Object] 
************************ error log start ************************** 

[2021-05-23T18:26:24.641] [INFO] responseLogger - 
 ************************ response log start ************************** 
request method:  POST  
request originalUrl /login 
request client ip ::ffff:127.0.0.1 request query:  {"code":"003IQVFa1MgY4B0GyyFa1Zcgv74IQVFR"} 
response Time: 243 
response status: 200 
response body: [object Object] 
************************ error log start ************************** 

[2021-05-23T18:26:34.200] [INFO] responseLogger - 
 ************************ response log start ************************** 
request method:  POST  
request originalUrl /login 
request client ip ::ffff:127.0.0.1 request query:  {"code":"003Scwll23cb5748gZol21nOcO3Scwl0"} 
response Time: 260 
response status: 200 
response body: [object Object] 
************************ error log start ************************** 

[2021-05-23T18:26:40.493] [INFO] responseLogger - 
 ************************ response log start ************************** 
request method:  POST  
request originalUrl /login 
request client ip ::ffff:127.0.0.1 request query:  {"code":"063Jph0w370qqW2jZ01w38pBtQ3Jph0i"} 
response Time: 216 
response status: 200 
response body: [object Object] 
************************ error log start ************************** 

[2021-05-23T18:31:19.306] [INFO] responseLogger - 
 ************************ response log start ************************** 
request method:  POST  
request originalUrl /login 
request client ip ::ffff:127.0.0.1 request query:  {"code":"093Nrfll2vNT474loAol2InpGp4Nrflg"} 
response Time: 318 
response status: 200 
response body: [object Object] 
************************ error log start ************************** 

[2021-05-23T18:31:31.964] [INFO] responseLogger - 
 ************************ response log start ************************** 
request method:  POST  
request originalUrl /login 
request client ip ::ffff:127.0.0.1 request query:  {"code":"063DXa100aqVLL15Ev300W3ELj1DXa1G"} 
response Time: 293 
response status: 200 
response body: [object Object] 
************************ error log start ************************** 

[2021-05-23T18:36:11.696] [INFO] responseLogger - 
 ************************ response log start ************************** 
request method:  POST  
request originalUrl /login 
request client ip ::ffff:127.0.0.1 request query:  {"code":"003gfb100zHWLL1sIm000ltK3X0gfb1n"} 
response Time: 238 
response status: 200 
response body: [object Object] 
************************ error log start ************************** 

[2021-05-23T18:43:28.179] [INFO] responseLogger - 
 ************************ response log start ************************** 
request method:  POST  
request originalUrl /login 
request client ip ::ffff:127.0.0.1 request query:  {"code":"043F5Ikl2Uur5746dWnl2MdTE33F5IkE"} 
response Time: 280 
response status: 200 
response body: [object Object] 
************************ error log start ************************** 

[2021-05-23T18:48:18.732] [INFO] responseLogger - 
 ************************ response log start ************************** 
request method:  POST  
request originalUrl /login 
request client ip ::ffff:127.0.0.1 request query:  {"code":"073DVo1w3ltvrW2zol0w3wo6990DVo1b"} 
response Time: 270 
response status: 200 
response body: [object Object] 
************************ error log start ************************** 

[2021-05-23T18:49:17.379] [INFO] responseLogger - 
 ************************ response log start ************************** 
request method:  POST  
request originalUrl /updateUserInfo 
request client ip ::ffff:127.0.0.1 request query:  {"userId":1,"nickName":"PTR🤡","img":"https://thirdwx.qlogo.cn/mmopen/vi_32/S4VoP1jEaHBiat5tlKtVicIktJrJmWV1EYA98yTicvN8GzTH1ic31lLyQyllgYNjwAHfuiazeicQqfOHkAK3jMmLQKRg/132","gender":1} 
response Time: 25 
response status: 200 
response body: [object Object] 
************************ error log start ************************** 

[2021-05-23T18:49:22.919] [INFO] responseLogger - 
 ************************ response log start ************************** 
request method:  POST  
request originalUrl /getUserPoint 
request client ip ::ffff:127.0.0.1 request query:  {"userId":1} 
response Time: 3 
response status: 200 
response body: [object Object] 
************************ error log start ************************** 

[2021-05-23T18:49:24.529] [INFO] responseLogger - 
 ************************ response log start ************************** 
request method:  POST  
request originalUrl /userSign 
request client ip ::ffff:127.0.0.1 request query:  {"userId":1} 
response Time: 2 
response status: 200 
response body: [object Object] 
************************ error log start ************************** 

[2021-05-23T18:50:53.821] [INFO] responseLogger - 
 ************************ response log start ************************** 
request method:  POST  
request originalUrl /getUserPoint 
request client ip ::ffff:127.0.0.1 request query:  {"userId":1} 
response Time: 12 
response status: 200 
response body: [object Object] 
************************ error log start ************************** 

[2021-05-23T18:50:57.361] [INFO] responseLogger - 
 ************************ response log start ************************** 
request method:  POST  
request originalUrl /userSign 
request client ip ::ffff:127.0.0.1 request query:  {"userId":1} 
response Time: 15 
response status: 500 
response body: [object Object] 
************************ error log start ************************** 

[2021-05-23T18:54:27.732] [INFO] responseLogger - 
 ************************ response log start ************************** 
request method:  POST  
request originalUrl /userSign 
request client ip ::ffff:127.0.0.1 request query:  {"userId":1} 
response Time: 9 
response status: 200 
response body: [object Object] 
************************ error log start ************************** 

[2021-05-23T18:54:54.026] [INFO] responseLogger - 
 ************************ response log start ************************** 
request method:  POST  
request originalUrl /getUserPoint 
request client ip ::ffff:127.0.0.1 request query:  {"userId":1} 
response Time: 3 
response status: 200 
response body: [object Object] 
************************ error log start ************************** 

[2021-05-23T18:54:55.127] [INFO] responseLogger - 
 ************************ response log start ************************** 
request method:  POST  
request originalUrl /userSign 
request client ip ::ffff:127.0.0.1 request query:  {"userId":1} 
response Time: 17 
response status: 500 
response body: [object Object] 
************************ error log start ************************** 

