[2021-05-28T15:17:32.613] [INFO] responseLogger - 
 ************************ response log start ************************** 
request method:  POST  
request originalUrl /getUserPoint 
request client ip ::ffff:127.0.0.1 request query:  {"userId":1} 
response Time: 20 
response status: 200 
response body: {"code":1024,"msg":"请求成功","data":{"point":4}} 
************************ error log start ************************** 

[2021-05-28T15:17:34.284] [INFO] responseLogger - 
 ************************ response log start ************************** 
request method:  POST  
request originalUrl /userSign 
request client ip ::ffff:127.0.0.1 request query:  {"userId":1} 
response Time: 5 
response status: 200 
response body: {"code":2048,"msg":"今天已经签到过了"} 
************************ error log start ************************** 

[2021-05-28T15:22:36.364] [INFO] responseLogger - 
 ************************ response log start ************************** 
request method:  POST  
request originalUrl /userSign 
request client ip ::ffff:127.0.0.1 request query:  {"userId":1} 
response Time: 3 
response status: 200 
response body: {"code":2048,"msg":"今天已经签到过了"} 
************************ error log start ************************** 

